<?xml version="1.0" encoding="UTF-8"?>
<!-- Generated by org.testng.reporters.JUnitXMLReporter -->
<testsuite ignored="0" hostname="BTWINAUucmAIKsr" failures="0" tests="3" name="Default test" time="24.516" errors="0" timestamp="2022-10-10T14:57:48 IST">
  <testcase classname="TestNG.login" name="validdata" time="10.649"/>
  <testcase classname="TestNG.login" name="VerifyHomePageTitle" time="0.019"/>
  <testcase classname="TestNG.login" name="invalid" time="2.678"/>
</testsuite> <!-- Default test -->
