<?xml version="1.0" encoding="UTF-8"?>
<testng-results ignored="0" total="3" passed="3" failed="0" skipped="0">
  <reporter-output>
  </reporter-output>
  <suite started-at="2022-10-10T14:57:24 IST" name="Default suite" finished-at="2022-10-10T14:57:48 IST" duration-ms="24516">
    <groups>
    </groups>
    <test started-at="2022-10-10T14:57:24 IST" name="Default test" finished-at="2022-10-10T14:57:48 IST" duration-ms="24516">
      <class name="TestNG.login">
        <test-method is-config="true" signature="beforeClass()[pri:0, instance:TestNG.login@316bcf94]" started-at="2022-10-10T14:57:24 IST" name="beforeClass" finished-at="2022-10-10T14:57:35 IST" duration-ms="11138" status="PASS">
          <reporter-output>
          </reporter-output>
        </test-method> <!-- beforeClass -->
        <test-method signature="validdata()[pri:1, instance:TestNG.login@316bcf94]" started-at="2022-10-10T14:57:35 IST" name="validdata" finished-at="2022-10-10T14:57:46 IST" duration-ms="10649" status="PASS">
          <reporter-output>
          </reporter-output>
        </test-method> <!-- validdata -->
        <test-method signature="VerifyHomePageTitle()[pri:2, instance:TestNG.login@316bcf94]" started-at="2022-10-10T14:57:46 IST" name="VerifyHomePageTitle" finished-at="2022-10-10T14:57:46 IST" duration-ms="19" status="PASS">
          <reporter-output>
          </reporter-output>
        </test-method> <!-- VerifyHomePageTitle -->
        <test-method signature="invalid()[pri:3, instance:TestNG.login@316bcf94]" started-at="2022-10-10T14:57:46 IST" name="invalid" finished-at="2022-10-10T14:57:48 IST" duration-ms="2678" status="PASS">
          <reporter-output>
          </reporter-output>
        </test-method> <!-- invalid -->
      </class> <!-- TestNG.login -->
    </test> <!-- Default test -->
  </suite> <!-- Default suite -->
</testng-results>
